/Users/bishopfox007/tubebot2/bin/hubot: line 5: npm: command not found
/Users/bishopfox007/tubebot2/bin/hubot: line 5: npm: command not found
/Users/bishopfox007/tubebot2/bin/hubot: line 5: npm: command not found
/Users/bishopfox007/tubebot2/bin/hubot: line 5: npm: command not found
/Users/bishopfox007/tubebot2/bin/hubot: line 5: npm: command not found
/Users/bishopfox007/tubebot2/bin/hubot: line 5: npm: command not found
/Users/bishopfox007/tubebot2/bin/hubot: line 5: npm: command not found
/Users/bishopfox007/tubebot2/bin/hubot: line 5: npm: command not found
/Users/bishopfox007/tubebot2/bin/hubot: line 5: npm: command not found
/Users/bishopfox007/tubebot2/bin/hubot: line 5: npm: command not found
/Users/bishopfox007/tubebot2/bin/hubot: line 5: npm: command not found
/Users/bishopfox007/tubebot2/bin/hubot: line 5: npm: command not found
/Users/bishopfox007/tubebot2/bin/hubot: line 5: npm: command not found
/Users/bishopfox007/tubebot2/bin/hubot: line 5: npm: command not found
/Users/bishopfox007/tubebot2/bin/hubot: line 5: npm: command not found
/Users/bishopfox007/tubebot2/bin/hubot: line 5: npm: command not found
/Users/bishopfox007/tubebot2/bin/hubot: line 5: npm: command not found
/Users/bishopfox007/tubebot2/bin/hubot: line 5: npm: command not found
/Users/bishopfox007/tubebot2/bin/hubot: line 5: npm: command not found
/Users/bishopfox007/tubebot2/bin/hubot: line 5: npm: command not found
/Users/bishopfox007/tubebot2/bin/hubot: line 5: npm: command not found
/Users/bishopfox007/tubebot2/bin/hubot: line 5: npm: command not found
/Users/bishopfox007/tubebot2/bin/hubot: line 5: npm: command not found
/Users/bishopfox007/tubebot2/bin/hubot: line 5: npm: command not found
/Users/bishopfox007/tubebot2/bin/hubot: line 5: npm: command not found
/Users/bishopfox007/tubebot2/bin/hubot: line 5: npm: command not found
/Users/bishopfox007/tubebot2/bin/hubot: line 5: npm: command not found
/Users/bishopfox007/tubebot2/bin/hubot: line 5: npm: command not found
/Users/bishopfox007/tubebot2/bin/hubot: line 5: npm: command not found
/Users/bishopfox007/tubebot2/bin/hubot: line 5: npm: command not found
/Users/bishopfox007/tubebot2/bin/hubot: line 5: npm: command not found
/Users/bishopfox007/tubebot2/bin/hubot: line 5: npm: command not found
/Users/bishopfox007/tubebot2/bin/hubot: line 5: npm: command not found
/Users/bishopfox007/tubebot2/bin/hubot: line 5: npm: command not found
/Users/bishopfox007/tubebot2/bin/hubot: line 5: npm: command not found
/Users/bishopfox007/tubebot2/bin/hubot: line 5: npm: command not found
/Users/bishopfox007/tubebot2/bin/hubot: line 5: npm: command not found
/Users/bishopfox007/tubebot2/bin/hubot: line 5: npm: command not found
/Users/bishopfox007/tubebot2/bin/hubot: line 5: npm: command not found
/Users/bishopfox007/tubebot2/bin/hubot: line 5: npm: command not found
/Users/bishopfox007/tubebot2/bin/hubot: line 5: npm: command not found
/Users/bishopfox007/tubebot2/bin/hubot: line 5: npm: command not found
/Users/bishopfox007/tubebot2/bin/hubot: line 5: npm: command not found
/Users/bishopfox007/tubebot2/bin/hubot: line 5: npm: command not found
/Users/bishopfox007/tubebot2/bin/hubot: line 5: npm: command not found
/Users/bishopfox007/tubebot2/bin/hubot: line 5: npm: command not found
/Users/bishopfox007/tubebot2/bin/hubot: line 5: npm: command not found
/Users/bishopfox007/tubebot2/bin/hubot: line 5: npm: command not found
/Users/bishopfox007/tubebot2/bin/hubot: line 5: npm: command not found
/Users/bishopfox007/tubebot2/bin/hubot: line 5: npm: command not found
/Users/bishopfox007/tubebot2/bin/hubot: line 5: npm: command not found
/Users/bishopfox007/tubebot2/bin/hubot: line 5: npm: command not found
/Users/bishopfox007/tubebot2/bin/hubot: line 5: npm: command not found
/Users/bishopfox007/tubebot2/bin/hubot: line 5: npm: command not found
/Users/bishopfox007/tubebot2/bin/hubot: line 5: npm: command not found
/Users/bishopfox007/tubebot2/bin/hubot: line 5: npm: command not found
/Users/bishopfox007/tubebot2/bin/hubot: line 5: npm: command not found
/Users/bishopfox007/tubebot2/bin/hubot: line 5: npm: command not found
/Users/bishopfox007/tubebot2/bin/hubot: line 5: npm: command not found
/Users/bishopfox007/tubebot2/bin/hubot: line 5: npm: command not found
/Users/bishopfox007/tubebot2/bin/hubot: line 5: npm: command not found
/Users/bishopfox007/tubebot2/bin/hubot: line 5: npm: command not found
/Users/bishopfox007/tubebot2/bin/hubot: line 5: npm: command not found
/Users/bishopfox007/tubebot2/bin/hubot: line 5: npm: command not found
/Users/bishopfox007/tubebot2/bin/hubot: line 5: npm: command not found
/Users/bishopfox007/tubebot2/bin/hubot: line 5: npm: command not found
/Users/bishopfox007/tubebot2/bin/hubot: line 5: npm: command not found
/Users/bishopfox007/tubebot2/bin/hubot: line 5: npm: command not found
/Users/bishopfox007/tubebot2/bin/hubot: line 5: npm: command not found
/Users/bishopfox007/tubebot2/bin/hubot: line 5: npm: command not found
/Users/bishopfox007/tubebot2/bin/hubot: line 5: npm: command not found
/Users/bishopfox007/tubebot2/bin/hubot: line 5: npm: command not found
/Users/bishopfox007/tubebot2/bin/hubot: line 5: npm: command not found
/Users/bishopfox007/tubebot2/bin/hubot: line 5: npm: command not found
/Users/bishopfox007/tubebot2/bin/hubot: line 5: npm: command not found
/Users/bishopfox007/tubebot2/bin/hubot: line 5: npm: command not found
/Users/bishopfox007/tubebot2/bin/hubot: line 5: npm: command not found
/Users/bishopfox007/tubebot2/bin/hubot: line 5: npm: command not found
/Users/bishopfox007/tubebot2/bin/hubot: line 5: npm: command not found
/Users/bishopfox007/tubebot2/bin/hubot: line 5: npm: command not found
/Users/bishopfox007/tubebot2/bin/hubot: line 5: npm: command not found
/Users/bishopfox007/tubebot2/bin/hubot: line 5: npm: command not found
/Users/bishopfox007/tubebot2/bin/hubot: line 5: npm: command not found
/Users/bishopfox007/tubebot2/bin/hubot: line 5: npm: command not found
/Users/bishopfox007/tubebot2/bin/hubot: line 5: npm: command not found
/Users/bishopfox007/tubebot2/bin/hubot: line 5: npm: command not found
/Users/bishopfox007/tubebot2/bin/hubot: line 5: npm: command not found
/Users/bishopfox007/tubebot2/bin/hubot: line 5: npm: command not found
/Users/bishopfox007/tubebot2/bin/hubot: line 5: npm: command not found
/Users/bishopfox007/tubebot2/bin/hubot: line 5: npm: command not found
/Users/bishopfox007/tubebot2/bin/hubot: line 5: npm: command not found
/Users/bishopfox007/tubebot2/bin/hubot: line 5: npm: command not found
/Users/bishopfox007/tubebot2/bin/hubot: line 5: npm: command not found
/Users/bishopfox007/tubebot2/bin/hubot: line 5: npm: command not found
/Users/bishopfox007/tubebot2/bin/hubot: line 5: npm: command not found
/Users/bishopfox007/tubebot2/bin/hubot: line 5: npm: command not found
/Users/bishopfox007/tubebot2/bin/hubot: line 5: npm: command not found
/Users/bishopfox007/tubebot2/bin/hubot: line 5: npm: command not found
/Users/bishopfox007/tubebot2/bin/hubot: line 5: npm: command not found
/Users/bishopfox007/tubebot2/bin/hubot: line 5: npm: command not found
/Users/bishopfox007/tubebot2/bin/hubot: line 5: npm: command not found
/Users/bishopfox007/tubebot2/bin/hubot: line 5: npm: command not found
/Users/bishopfox007/tubebot2/bin/hubot: line 5: npm: command not found
/Users/bishopfox007/tubebot2/bin/hubot: line 5: npm: command not found
/Users/bishopfox007/tubebot2/bin/hubot: line 5: npm: command not found
/Users/bishopfox007/tubebot2/bin/hubot: line 5: npm: command not found
/Users/bishopfox007/tubebot2/bin/hubot: line 5: npm: command not found
/Users/bishopfox007/tubebot2/bin/hubot: line 5: npm: command not found
/Users/bishopfox007/tubebot2/bin/hubot: line 5: npm: command not found
/Users/bishopfox007/tubebot2/bin/hubot: line 5: npm: command not found
/Users/bishopfox007/tubebot2/bin/hubot: line 5: npm: command not found
/Users/bishopfox007/tubebot2/bin/hubot: line 5: npm: command not found
/Users/bishopfox007/tubebot2/bin/hubot: line 5: npm: command not found
/Users/bishopfox007/tubebot2/bin/hubot: line 5: npm: command not found
/Users/bishopfox007/tubebot2/bin/hubot: line 5: npm: command not found
/Users/bishopfox007/tubebot2/bin/hubot: line 5: npm: command not found
/Users/bishopfox007/tubebot2/bin/hubot: line 5: npm: command not found
/Users/bishopfox007/tubebot2/bin/hubot: line 5: npm: command not found
/Users/bishopfox007/tubebot2/bin/hubot: line 5: npm: command not found
/Users/bishopfox007/tubebot2/bin/hubot: line 5: npm: command not found
/Users/bishopfox007/tubebot2/bin/hubot: line 5: npm: command not found
/Users/bishopfox007/tubebot2/bin/hubot: line 5: npm: command not found
/Users/bishopfox007/tubebot2/bin/hubot: line 5: npm: command not found
/Users/bishopfox007/tubebot2/bin/hubot: line 5: npm: command not found
/Users/bishopfox007/tubebot2/bin/hubot: line 5: npm: command not found
/Users/bishopfox007/tubebot2/bin/hubot: line 5: npm: command not found
/Users/bishopfox007/tubebot2/bin/hubot: line 5: npm: command not found
/Users/bishopfox007/tubebot2/bin/hubot: line 5: npm: command not found
/Users/bishopfox007/tubebot2/bin/hubot: line 5: npm: command not found
/Users/bishopfox007/tubebot2/bin/hubot: line 5: npm: command not found
/Users/bishopfox007/tubebot2/bin/hubot: line 5: npm: command not found
/Users/bishopfox007/tubebot2/bin/hubot: line 5: npm: command not found
/Users/bishopfox007/tubebot2/bin/hubot: line 5: npm: command not found
/Users/bishopfox007/tubebot2/bin/hubot: line 5: npm: command not found
/Users/bishopfox007/tubebot2/bin/hubot: line 5: npm: command not found
/Users/bishopfox007/tubebot2/bin/hubot: line 5: npm: command not found
/Users/bishopfox007/tubebot2/bin/hubot: line 5: npm: command not found
/Users/bishopfox007/tubebot2/bin/hubot: line 5: npm: command not found
/Users/bishopfox007/tubebot2/bin/hubot: line 5: npm: command not found
/Users/bishopfox007/tubebot2/bin/hubot: line 5: npm: command not found
/Users/bishopfox007/tubebot2/bin/hubot: line 5: npm: command not found
/Users/bishopfox007/tubebot2/bin/hubot: line 5: npm: command not found
/Users/bishopfox007/tubebot2/bin/hubot: line 5: npm: command not found
/Users/bishopfox007/tubebot2/bin/hubot: line 5: npm: command not found
/Users/bishopfox007/tubebot2/bin/hubot: line 5: npm: command not found
/Users/bishopfox007/tubebot2/bin/hubot: line 5: npm: command not found
/Users/bishopfox007/tubebot2/bin/hubot: line 5: npm: command not found
/Users/bishopfox007/tubebot2/bin/hubot: line 5: npm: command not found
/Users/bishopfox007/tubebot2/bin/hubot: line 5: npm: command not found
/Users/bishopfox007/tubebot2/bin/hubot: line 5: npm: command not found
/Users/bishopfox007/tubebot2/bin/hubot: line 5: npm: command not found
/Users/bishopfox007/tubebot2/bin/hubot: line 5: npm: command not found
/Users/bishopfox007/tubebot2/bin/hubot: line 5: npm: command not found
/Users/bishopfox007/tubebot2/bin/hubot: line 5: npm: command not found
/Users/bishopfox007/tubebot2/bin/hubot: line 5: npm: command not found
/Users/bishopfox007/tubebot2/bin/hubot: line 5: npm: command not found
/Users/bishopfox007/tubebot2/bin/hubot: line 5: npm: command not found
/Users/bishopfox007/tubebot2/bin/hubot: line 5: npm: command not found
/Users/bishopfox007/tubebot2/bin/hubot: line 5: npm: command not found
/Users/bishopfox007/tubebot2/bin/hubot: line 5: npm: command not found
/Users/bishopfox007/tubebot2/bin/hubot: line 5: npm: command not found
/Users/bishopfox007/tubebot2/bin/hubot: line 5: npm: command not found
/Users/bishopfox007/tubebot2/bin/hubot: line 5: npm: command not found
/Users/bishopfox007/tubebot2/bin/hubot: line 5: npm: command not found
/Users/bishopfox007/tubebot2/bin/hubot: line 5: npm: command not found
/Users/bishopfox007/tubebot2/bin/hubot: line 5: npm: command not found
/Users/bishopfox007/tubebot2/bin/hubot: line 5: npm: command not found
/Users/bishopfox007/tubebot2/bin/hubot: line 5: npm: command not found
/Users/bishopfox007/tubebot2/bin/hubot: line 5: npm: command not found
/Users/bishopfox007/tubebot2/bin/hubot: line 5: npm: command not found
/Users/bishopfox007/tubebot2/bin/hubot: line 5: npm: command not found
/Users/bishopfox007/tubebot2/bin/hubot: line 5: npm: command not found
/Users/bishopfox007/tubebot2/bin/hubot: line 5: npm: command not found
/Users/bishopfox007/tubebot2/bin/hubot: line 5: npm: command not found
/Users/bishopfox007/tubebot2/bin/hubot: line 5: npm: command not found
/Users/bishopfox007/tubebot2/bin/hubot: line 5: npm: command not found
/Users/bishopfox007/tubebot2/bin/hubot: line 5: npm: command not found
/Users/bishopfox007/tubebot2/bin/hubot: line 5: npm: command not found
/Users/bishopfox007/tubebot2/bin/hubot: line 5: npm: command not found
/Users/bishopfox007/tubebot2/bin/hubot: line 5: npm: command not found
/Users/bishopfox007/tubebot2/bin/hubot: line 5: npm: command not found
/Users/bishopfox007/tubebot2/bin/hubot: line 5: npm: command not found
/Users/bishopfox007/tubebot2/bin/hubot: line 5: npm: command not found
/Users/bishopfox007/tubebot2/bin/hubot: line 5: npm: command not found
/Users/bishopfox007/tubebot2/bin/hubot: line 5: npm: command not found
/Users/bishopfox007/tubebot2/bin/hubot: line 5: npm: command not found
/Users/bishopfox007/tubebot2/bin/hubot: line 5: npm: command not found
/Users/bishopfox007/tubebot2/bin/hubot: line 5: npm: command not found
/Users/bishopfox007/tubebot2/bin/hubot: line 5: npm: command not found
/Users/bishopfox007/tubebot2/bin/hubot: line 5: npm: command not found
/Users/bishopfox007/tubebot2/bin/hubot: line 5: npm: command not found
/Users/bishopfox007/tubebot2/bin/hubot: line 5: npm: command not found
/Users/bishopfox007/tubebot2/bin/hubot: line 5: npm: command not found
/Users/bishopfox007/tubebot2/bin/hubot: line 5: npm: command not found
/Users/bishopfox007/tubebot2/bin/hubot: line 5: npm: command not found
/Users/bishopfox007/tubebot2/bin/hubot: line 5: npm: command not found
/Users/bishopfox007/tubebot2/bin/hubot: line 5: npm: command not found
/Users/bishopfox007/tubebot2/bin/hubot: line 5: npm: command not found
/Users/bishopfox007/tubebot2/bin/hubot: line 5: npm: command not found
/Users/bishopfox007/tubebot2/bin/hubot: line 5: npm: command not found
/Users/bishopfox007/tubebot2/bin/hubot: line 5: npm: command not found
/Users/bishopfox007/tubebot2/bin/hubot: line 5: npm: command not found
/Users/bishopfox007/tubebot2/bin/hubot: line 5: npm: command not found
/Users/bishopfox007/tubebot2/bin/hubot: line 5: npm: command not found
/Users/bishopfox007/tubebot2/bin/hubot: line 5: npm: command not found
/Users/bishopfox007/tubebot2/bin/hubot: line 5: npm: command not found
/Users/bishopfox007/tubebot2/bin/hubot: line 5: npm: command not found
/Users/bishopfox007/tubebot2/bin/hubot: line 5: npm: command not found
/Users/bishopfox007/tubebot2/bin/hubot: line 5: npm: command not found
/Users/bishopfox007/tubebot2/bin/hubot: line 5: npm: command not found
/Users/bishopfox007/tubebot2/bin/hubot: line 5: npm: command not found
/Users/bishopfox007/tubebot2/bin/hubot: line 5: npm: command not found
/Users/bishopfox007/tubebot2/bin/hubot: line 5: npm: command not found
/Users/bishopfox007/tubebot2/bin/hubot: line 5: npm: command not found
/Users/bishopfox007/tubebot2/bin/hubot: line 5: npm: command not found
../node-icu-charset-detector.cpp:7:10: fatal error: 'unicode/ucsdet.h' file not found
#include <unicode/ucsdet.h>
         ^
1 error generated.
make: *** [Release/obj.target/node-icu-charset-detector/node-icu-charset-detector.o] Error 1
gyp ERR! build error 
gyp ERR! stack Error: `make` failed with exit code: 2
gyp ERR! stack     at ChildProcess.onExit (/usr/local/lib/node_modules/npm/node_modules/node-gyp/lib/build.js:269:23)
gyp ERR! stack     at ChildProcess.emit (events.js:110:17)
gyp ERR! stack     at Process.ChildProcess._handle.onexit (child_process.js:1074:12)
gyp ERR! System Darwin 13.4.0
gyp ERR! command "node" "/usr/local/lib/node_modules/npm/node_modules/node-gyp/bin/node-gyp.js" "rebuild"
gyp ERR! cwd /Users/bishopfox007/tubebot2/node_modules/hubot-irc/node_modules/irc/node_modules/node-icu-charset-detector
gyp ERR! node -v v0.12.7
gyp ERR! node-gyp -v v2.0.1
gyp ERR! not ok 
npm WARN optional dep failed, continuing node-icu-charset-detector@0.1.0
npm ERR! install Couldn't read dependencies
npm ERR! Darwin 13.4.0
npm ERR! argv "node" "/usr/local/bin/npm" "install"
npm ERR! node v0.12.7
npm ERR! npm  v2.12.1
npm ERR! file /Users/bishopfox007/tubebot2/package.json
npm ERR! code EJSONPARSE

npm ERR! Failed to parse json
npm ERR! Trailing comma in object at 21:6
npm ERR!      },
npm ERR!      ^
npm ERR! File: /Users/bishopfox007/tubebot2/package.json
npm ERR! Failed to parse package.json data.
npm ERR! package.json must be actual JSON, not just JavaScript.
npm ERR! 
npm ERR! This is not a bug in npm.
npm ERR! Tell the package author to fix their package.json file. JSON.parse

npm ERR! Please include the following file with any support request:
npm ERR!     /Users/bishopfox007/tubebot2/npm-debug.log
npm ERR! install Couldn't read dependencies
npm ERR! Darwin 13.4.0
npm ERR! argv "node" "/usr/local/bin/npm" "install"
npm ERR! node v0.12.7
npm ERR! npm  v2.12.1
npm ERR! file /Users/bishopfox007/tubebot2/package.json
npm ERR! code EJSONPARSE

npm ERR! Failed to parse json
npm ERR! Trailing comma in object at 21:6
npm ERR!      },
npm ERR!      ^
npm ERR! File: /Users/bishopfox007/tubebot2/package.json
npm ERR! Failed to parse package.json data.
npm ERR! package.json must be actual JSON, not just JavaScript.
npm ERR! 
npm ERR! This is not a bug in npm.
npm ERR! Tell the package author to fix their package.json file. JSON.parse

npm ERR! Please include the following file with any support request:
npm ERR!     /Users/bishopfox007/tubebot2/npm-debug.log
npm ERR! install Couldn't read dependencies
npm ERR! Darwin 13.4.0
npm ERR! argv "node" "/usr/local/bin/npm" "install"
npm ERR! node v0.12.7
npm ERR! npm  v2.12.1
npm ERR! file /Users/bishopfox007/tubebot2/package.json
npm ERR! code EJSONPARSE

npm ERR! Failed to parse json
npm ERR! Trailing comma in object at 21:6
npm ERR!      },
npm ERR!      ^
npm ERR! File: /Users/bishopfox007/tubebot2/package.json
npm ERR! Failed to parse package.json data.
npm ERR! package.json must be actual JSON, not just JavaScript.
npm ERR! 
npm ERR! This is not a bug in npm.
npm ERR! Tell the package author to fix their package.json file. JSON.parse

npm ERR! Please include the following file with any support request:
npm ERR!     /Users/bishopfox007/tubebot2/npm-debug.log
npm ERR! install Couldn't read dependencies
npm ERR! Darwin 13.4.0
npm ERR! argv "node" "/usr/local/bin/npm" "install"
npm ERR! node v0.12.7
npm ERR! npm  v2.12.1
npm ERR! file /Users/bishopfox007/tubebot2/package.json
npm ERR! code EJSONPARSE

npm ERR! Failed to parse json
npm ERR! Trailing comma in object at 21:6
npm ERR!      },
npm ERR!      ^
npm ERR! File: /Users/bishopfox007/tubebot2/package.json
npm ERR! Failed to parse package.json data.
npm ERR! package.json must be actual JSON, not just JavaScript.
npm ERR! 
npm ERR! This is not a bug in npm.
npm ERR! Tell the package author to fix their package.json file. JSON.parse

npm ERR! Please include the following file with any support request:
npm ERR!     /Users/bishopfox007/tubebot2/npm-debug.log
npm ERR! install Couldn't read dependencies
npm ERR! Darwin 13.4.0
npm ERR! argv "node" "/usr/local/bin/npm" "install"
npm ERR! node v0.12.7
npm ERR! npm  v2.12.1
npm ERR! file /Users/bishopfox007/tubebot2/package.json
npm ERR! code EJSONPARSE

npm ERR! Failed to parse json
npm ERR! Trailing comma in object at 21:6
npm ERR!      },
npm ERR!      ^
npm ERR! File: /Users/bishopfox007/tubebot2/package.json
npm ERR! Failed to parse package.json data.
npm ERR! package.json must be actual JSON, not just JavaScript.
npm ERR! 
npm ERR! This is not a bug in npm.
npm ERR! Tell the package author to fix their package.json file. JSON.parse

npm ERR! Please include the following file with any support request:
npm ERR!     /Users/bishopfox007/tubebot2/npm-debug.log
npm ERR! install Couldn't read dependencies
npm ERR! Darwin 13.4.0
npm ERR! argv "node" "/usr/local/bin/npm" "install"
npm ERR! node v0.12.7
npm ERR! npm  v2.12.1
npm ERR! file /Users/bishopfox007/tubebot2/package.json
npm ERR! code EJSONPARSE

npm ERR! Failed to parse json
npm ERR! Trailing comma in object at 22:6
npm ERR!      },
npm ERR!      ^
npm ERR! File: /Users/bishopfox007/tubebot2/package.json
npm ERR! Failed to parse package.json data.
npm ERR! package.json must be actual JSON, not just JavaScript.
npm ERR! 
npm ERR! This is not a bug in npm.
npm ERR! Tell the package author to fix their package.json file. JSON.parse

npm ERR! Please include the following file with any support request:
npm ERR!     /Users/bishopfox007/tubebot2/npm-debug.log
npm ERR! install Couldn't read dependencies
npm ERR! Darwin 13.4.0
npm ERR! argv "node" "/usr/local/bin/npm" "install"
npm ERR! node v0.12.7
npm ERR! npm  v2.12.1
npm ERR! file /Users/bishopfox007/tubebot2/package.json
npm ERR! code EJSONPARSE

npm ERR! Failed to parse json
npm ERR! Trailing comma in object at 22:6
npm ERR!      },
npm ERR!      ^
npm ERR! File: /Users/bishopfox007/tubebot2/package.json
npm ERR! Failed to parse package.json data.
npm ERR! package.json must be actual JSON, not just JavaScript.
npm ERR! 
npm ERR! This is not a bug in npm.
npm ERR! Tell the package author to fix their package.json file. JSON.parse

npm ERR! Please include the following file with any support request:
npm ERR!     /Users/bishopfox007/tubebot2/npm-debug.log
npm ERR! install Couldn't read dependencies
npm ERR! Darwin 13.4.0
npm ERR! argv "node" "/usr/local/bin/npm" "install"
npm ERR! node v0.12.7
npm ERR! npm  v2.12.1
npm ERR! file /Users/bishopfox007/tubebot2/package.json
npm ERR! code EJSONPARSE

npm ERR! Failed to parse json
npm ERR! Trailing comma in object at 22:6
npm ERR!      },
npm ERR!      ^
npm ERR! File: /Users/bishopfox007/tubebot2/package.json
npm ERR! Failed to parse package.json data.
npm ERR! package.json must be actual JSON, not just JavaScript.
npm ERR! 
npm ERR! This is not a bug in npm.
npm ERR! Tell the package author to fix their package.json file. JSON.parse

npm ERR! Please include the following file with any support request:
npm ERR!     /Users/bishopfox007/tubebot2/npm-debug.log
npm ERR! install Couldn't read dependencies
npm ERR! Darwin 13.4.0
npm ERR! argv "node" "/usr/local/bin/npm" "install"
npm ERR! node v0.12.7
npm ERR! npm  v2.12.1
npm ERR! file /Users/bishopfox007/tubebot2/package.json
npm ERR! code EJSONPARSE

npm ERR! Failed to parse json
npm ERR! Trailing comma in object at 22:6
npm ERR!      },
npm ERR!      ^
npm ERR! File: /Users/bishopfox007/tubebot2/package.json
npm ERR! Failed to parse package.json data.
npm ERR! package.json must be actual JSON, not just JavaScript.
npm ERR! 
npm ERR! This is not a bug in npm.
npm ERR! Tell the package author to fix their package.json file. JSON.parse

npm ERR! Please include the following file with any support request:
npm ERR!     /Users/bishopfox007/tubebot2/npm-debug.log
npm ERR! install Couldn't read dependencies
npm ERR! Darwin 13.4.0
npm ERR! argv "node" "/usr/local/bin/npm" "install"
npm ERR! node v0.12.7
npm ERR! npm  v2.12.1
npm ERR! file /Users/bishopfox007/tubebot2/package.json
npm ERR! code EJSONPARSE

npm ERR! Failed to parse json
npm ERR! Trailing comma in object at 22:6
npm ERR!      },
npm ERR!      ^
npm ERR! File: /Users/bishopfox007/tubebot2/package.json
npm ERR! Failed to parse package.json data.
npm ERR! package.json must be actual JSON, not just JavaScript.
npm ERR! 
npm ERR! This is not a bug in npm.
npm ERR! Tell the package author to fix their package.json file. JSON.parse

npm ERR! Please include the following file with any support request:
npm ERR!     /Users/bishopfox007/tubebot2/npm-debug.log
npm ERR! install Couldn't read dependencies
npm ERR! Darwin 13.4.0
npm ERR! argv "node" "/usr/local/bin/npm" "install"
npm ERR! node v0.12.7
npm ERR! npm  v2.12.1
npm ERR! file /Users/bishopfox007/tubebot2/package.json
npm ERR! code EJSONPARSE

npm ERR! Failed to parse json
npm ERR! Trailing comma in object at 22:6
npm ERR!      },
npm ERR!      ^
npm ERR! File: /Users/bishopfox007/tubebot2/package.json
npm ERR! Failed to parse package.json data.
npm ERR! package.json must be actual JSON, not just JavaScript.
npm ERR! 
npm ERR! This is not a bug in npm.
npm ERR! Tell the package author to fix their package.json file. JSON.parse

npm ERR! Please include the following file with any support request:
npm ERR!     /Users/bishopfox007/tubebot2/npm-debug.log
